Arguments: 
  E:\nodejs\node.exe E:\nodejs\node_modules\yarn\bin\yarn.js add simple-peer

PATH: 
  E:\VMware\VMware Workstation\bin\;C:\Windows\system32;C:\Windows;C:\Windows\System32\Wbem;C:\Windows\System32\WindowsPowerShell\v1.0\;C:\Windows\System32\OpenSSH\;C:\Program Files (x86)\NVIDIA Corporation\PhysX\Common;C:\Program Files\NVIDIA Corporation\NVIDIA NvDLISR;E:\Bandizip\;C:\ProgramData\chocolatey\bin;E:\nvm;E:\nodejs;C:\Program Files\Microsoft VS Code\bin;C:\Program Files\Git\cmd;C:\Program Files\dotnet\;E:\mongosh\bin;E:\yt-dlp;C:\Program Files\OpenJDK\jdk-13.0.2\bin;E:\Redis\;C:\Program Files\Docker\Docker\resources\bin;E:\Minimal ADB and Fastboot;E:\python\python311;E:\python\python311\Scripts;C:\Windows\system32\config\systemprofile\AppData\Local\Microsoft\WindowsApps;C:\Users\Trevor\AppData\Local\Microsoft\WindowsApps;C:\tools\mysql\current\bin

Yarn version: 
  1.22.19

Node version: 
  16.17.1

Platform: 
  win32 x64

Trace: 
  Error: EPERM: operation not permitted, copyfile 'C:\Users\Trevor\AppData\Local\Yarn\Cache\v6\npm-webpack-5.81.0-27a2e8466c8b4820d800a8d90f06ef98294f9956-integrity\node_modules\webpack\hot\log-apply-result.js' -> 'C:\Users\Trevor\Documents\Telemeter\client\node_modules\webpack\hot\log-apply-result.js'

npm manifest: 
  {
    "name": "client",
    "version": "0.1.0",
    "private": true,
    "dependencies": {
      "@testing-library/jest-dom": "^5.16.5",
      "@testing-library/react": "^13.4.0",
      "@testing-library/user-event": "^13.5.0",
      "axios": "^1.3.5",
      "buffer": "^6.0.3",
      "dotenv": "^16.0.3",
      "emoji-picker-react": "^3.5.1",
      "react": "^18.2.0",
      "react-dom": "^18.2.0",
      "react-draggable": "^4.4.5",
      "react-icons": "^4.8.0",
      "react-router-dom": "^6.10.0",
      "react-scripts": "5.0.1",
      "react-toastify": "^9.1.2",
      "socket.io-client": "^4.6.1",
      "styled-components": "^5.3.9",
      "uifx": "^2.0.7",
      "uuid": "^9.0.0",
      "web-vitals": "^2.1.4"
    },
    "scripts": {
      "start": "react-scripts start",
      "build": "react-scripts build",
      "test": "react-scripts test",
      "eject": "react-scripts eject"
    },
    "eslintConfig": {
      "extends": [
        "react-app",
        "react-app/jest"
      ]
    },
    "browserslist": {
      "production": [
        ">0.2%",
        "not dead",
        "not op_mini all"
      ],
      "development": [
        "last 1 chrome version",
        "last 1 firefox version",
        "last 1 safari version"
      ]
    },
    "devDependencies": {
      "eslint": "^7.22.0",
      "eslint-config-airbnb": "^18.2.1",
      "eslint-plugin-import": "^2.22.1",
      "eslint-plugin-jsx-a11y": "^6.4.1",
      "eslint-plugin-react": "^7.22.0",
      "eslint-plugin-react-hooks": "^4.2.0"
    }
  }

yarn manifest: 
  No manifest

Lockfile: 
  No lockfile
